2026-03-17 21:06:48.685   Log opened. (Time zone: UTC-07:00)
2026-03-17 21:06:48.685   Setup version: Inno Setup version 6.7.1
2026-03-17 21:06:48.685   Original Setup EXE: C:\Users\blade\OneDrive\Desktop\InfernaCore\dist\InfernaCore-Setup.exe
2026-03-17 21:06:48.685   Setup command line: /SL5="$AA0356,1251505,1083392,C:\Users\blade\OneDrive\Desktop\InfernaCore\dist\InfernaCore-Setup.exe" /VERYSILENT /SUPPRESSMSGBOXES /NORESTART /SP- /DIR=C:\Users\blade\AppData\Local\InfernaCore-SmokeTest /LOG=C:\Users\blade\OneDrive\Desktop\InfernaCore\logs\install-smoke.log 
2026-03-17 21:06:48.685   Windows version: 10.0.26200
2026-03-17 21:06:48.685   Windows architecture: x64 (64-bit)
2026-03-17 21:06:48.685   Machine types supported by system: x86 x64
2026-03-17 21:06:48.685   User privileges: None
2026-03-17 21:06:48.688   Administrative install mode: No
2026-03-17 21:06:48.688   Install mode root key: HKEY_CURRENT_USER
2026-03-17 21:06:48.688   64-bit install mode: Yes
2026-03-17 21:06:48.688   RedirectionGuard status for current process: Enabled in enforcing mode
2026-03-17 21:06:48.689   Created temporary directory: C:\Users\blade\AppData\Local\Temp\is-HKXJV36IDR.tmp
2026-03-17 21:06:48.809   Found 1 files to register with RestartManager.
2026-03-17 21:06:48.809   Calling RestartManager's RmGetList.
2026-03-17 21:06:48.817   RmGetList finished successfully.
2026-03-17 21:06:48.817   RestartManager found no applications using one of our files.
2026-03-17 21:06:48.824   Starting the installation process.
2026-03-17 21:06:48.826   Creating directory: C:\Users\blade\AppData\Local\InfernaCore-SmokeTest
2026-03-17 21:06:48.826   Creating directory: C:\Users\blade\AppData\Local\InfernaCore-SmokeTest\profiles
2026-03-17 21:06:48.827   Creating directory: C:\Users\blade\AppData\Local\InfernaCore-SmokeTest\GameMods
2026-03-17 21:06:48.827   Directory for uninstall files: C:\Users\blade\AppData\Local\InfernaCore-SmokeTest
2026-03-17 21:06:48.827   Creating new uninstall log: C:\Users\blade\AppData\Local\InfernaCore-SmokeTest\unins000.dat
2026-03-17 21:06:48.830   -- File entry --
2026-03-17 21:06:48.830   Dest filename: C:\Users\blade\AppData\Local\InfernaCore-SmokeTest\unins000.exe
2026-03-17 21:06:48.830   Non-default bitness: 32-bit
2026-03-17 21:06:48.832   Time stamp of our file: 2026-03-17 21:06:46.112
2026-03-17 21:06:48.832   Installing the file.
2026-03-17 21:06:48.840   Successfully installed the file.
2026-03-17 21:06:48.840   -- File entry --
2026-03-17 21:06:48.840   Dest filename: C:\Users\blade\AppData\Local\InfernaCore-SmokeTest\InfernaCore.exe
2026-03-17 21:06:48.840   Time stamp of our file: 2026-03-17 21:05:04.000
2026-03-17 21:06:48.840   Installing the file.
2026-03-17 21:06:48.849   Successfully installed the file.
2026-03-17 21:06:48.849   -- File entry --
2026-03-17 21:06:48.850   Dest filename: C:\Users\blade\AppData\Local\InfernaCore-SmokeTest\modpacks\AITrafficFix\mod.json
2026-03-17 21:06:48.850   Time stamp of our file: 2026-03-17 20:07:38.000
2026-03-17 21:06:48.850   Installing the file.
2026-03-17 21:06:48.850   Creating directory: C:\Users\blade\AppData\Local\InfernaCore-SmokeTest\modpacks
2026-03-17 21:06:48.850   Creating directory: C:\Users\blade\AppData\Local\InfernaCore-SmokeTest\modpacks\AITrafficFix
2026-03-17 21:06:48.851   Successfully installed the file.
2026-03-17 21:06:48.851   -- File entry --
2026-03-17 21:06:48.851   Dest filename: C:\Users\blade\AppData\Local\InfernaCore-SmokeTest\modpacks\AITrafficFix\scripts\main.lua
2026-03-17 21:06:48.851   Time stamp of our file: 2026-03-17 20:19:10.000
2026-03-17 21:06:48.851   Installing the file.
2026-03-17 21:06:48.851   Creating directory: C:\Users\blade\AppData\Local\InfernaCore-SmokeTest\modpacks\AITrafficFix\scripts
2026-03-17 21:06:48.852   Successfully installed the file.
2026-03-17 21:06:48.852   -- File entry --
2026-03-17 21:06:48.852   Dest filename: C:\Users\blade\AppData\Local\InfernaCore-SmokeTest\modpacks\Example_HelloMod\mod.json
2026-03-17 21:06:48.852   Time stamp of our file: 2026-03-17 19:55:18.000
2026-03-17 21:06:48.852   Installing the file.
2026-03-17 21:06:48.853   Creating directory: C:\Users\blade\AppData\Local\InfernaCore-SmokeTest\modpacks\Example_HelloMod
2026-03-17 21:06:48.854   Successfully installed the file.
2026-03-17 21:06:48.854   -- File entry --
2026-03-17 21:06:48.854   Dest filename: C:\Users\blade\AppData\Local\InfernaCore-SmokeTest\modpacks\Example_HelloMod\scripts\main.lua
2026-03-17 21:06:48.854   Time stamp of our file: 2026-03-17 20:02:06.000
2026-03-17 21:06:48.854   Installing the file.
2026-03-17 21:06:48.854   Creating directory: C:\Users\blade\AppData\Local\InfernaCore-SmokeTest\modpacks\Example_HelloMod\scripts
2026-03-17 21:06:48.855   Successfully installed the file.
2026-03-17 21:06:48.855   -- File entry --
2026-03-17 21:06:48.855   Dest filename: C:\Users\blade\AppData\Local\InfernaCore-SmokeTest\modpacks\Example_HelloMod\scripts\traffic_ai_fix.lua
2026-03-17 21:06:48.855   Time stamp of our file: 2026-03-17 20:19:10.000
2026-03-17 21:06:48.855   Installing the file.
2026-03-17 21:06:48.856   Successfully installed the file.
2026-03-17 21:06:48.856   -- File entry --
2026-03-17 21:06:48.856   Dest filename: C:\Users\blade\AppData\Local\InfernaCore-SmokeTest\schema\mod.schema.json
2026-03-17 21:06:48.856   Time stamp of our file: 2026-03-17 20:08:42.000
2026-03-17 21:06:48.856   Installing the file.
2026-03-17 21:06:48.856   Creating directory: C:\Users\blade\AppData\Local\InfernaCore-SmokeTest\schema
2026-03-17 21:06:48.857   Successfully installed the file.
2026-03-17 21:06:48.857   -- File entry --
2026-03-17 21:06:48.857   Dest filename: C:\Users\blade\AppData\Local\InfernaCore-SmokeTest\Images\InfernaCore_icon.ico
2026-03-17 21:06:48.857   Time stamp of our file: 2026-03-17 20:29:54.000
2026-03-17 21:06:48.857   Installing the file.
2026-03-17 21:06:48.857   Creating directory: C:\Users\blade\AppData\Local\InfernaCore-SmokeTest\Images
2026-03-17 21:06:48.859   Successfully installed the file.
2026-03-17 21:06:48.859   -- File entry --
2026-03-17 21:06:48.859   Dest filename: C:\Users\blade\AppData\Local\InfernaCore-SmokeTest\tools\ModManager.ps1
2026-03-17 21:06:48.860   Time stamp of our file: 2026-03-17 19:55:18.000
2026-03-17 21:06:48.860   Installing the file.
2026-03-17 21:06:48.860   Creating directory: C:\Users\blade\AppData\Local\InfernaCore-SmokeTest\tools
2026-03-17 21:06:48.861   Successfully installed the file.
2026-03-17 21:06:48.861   -- File entry --
2026-03-17 21:06:48.861   Dest filename: C:\Users\blade\AppData\Local\InfernaCore-SmokeTest\tools\ModManagerStandalone.ps1
2026-03-17 21:06:48.861   Time stamp of our file: 2026-03-17 20:13:18.000
2026-03-17 21:06:48.861   Installing the file.
2026-03-17 21:06:48.861   Successfully installed the file.
2026-03-17 21:06:48.862   -- File entry --
2026-03-17 21:06:48.862   Dest filename: C:\Users\blade\AppData\Local\InfernaCore-SmokeTest\README.md
2026-03-17 21:06:48.862   Time stamp of our file: 2026-03-17 21:05:04.000
2026-03-17 21:06:48.862   Installing the file.
2026-03-17 21:06:48.863   Successfully installed the file.
2026-03-17 21:06:48.863   -- File entry --
2026-03-17 21:06:48.863   Dest filename: C:\Users\blade\AppData\Local\InfernaCore-SmokeTest\EULA.txt
2026-03-17 21:06:48.863   Time stamp of our file: 2026-03-17 21:05:04.000
2026-03-17 21:06:48.863   Installing the file.
2026-03-17 21:06:48.864   Successfully installed the file.
2026-03-17 21:06:48.864   -- Icon entry --
2026-03-17 21:06:48.864   Dest filename: C:\Users\blade\AppData\Roaming\Microsoft\Windows\Start Menu\Programs\InfernaCore\InfernaCore.lnk
2026-03-17 21:06:48.864   Creating directory: C:\Users\blade\AppData\Roaming\Microsoft\Windows\Start Menu\Programs\InfernaCore
2026-03-17 21:06:48.875   Creating the icon.
2026-03-17 21:06:48.997   Successfully created the icon.
2026-03-17 21:06:49.007   -- Icon entry --
2026-03-17 21:06:49.007   Dest filename: C:\Users\blade\AppData\Roaming\Microsoft\Windows\Start Menu\Programs\InfernaCore\Uninstall InfernaCore.lnk
2026-03-17 21:06:49.008   Creating the icon.
2026-03-17 21:06:49.154   Successfully created the icon.
2026-03-17 21:06:49.162   Saving uninstall information.
2026-03-17 21:06:49.162   Creating new uninstall key: HKEY_CURRENT_USER\Software\Microsoft\Windows\CurrentVersion\Uninstall\{F3A2C1D0-8B4E-4F7A-9E6C-2D5B0A3F1E8D}_is1
2026-03-17 21:06:49.162   Writing uninstall key values.
2026-03-17 21:06:49.163   Detected previous administrative 64-bit install? No
2026-03-17 21:06:49.163   Detected previous administrative 32-bit install? No
2026-03-17 21:06:49.166   Installation process succeeded.
2026-03-17 21:06:49.166   Need to restart Windows? No
2026-03-17 21:06:49.172   Deinitializing Setup.
2026-03-17 21:06:49.179   Log closed.
